#
# There is insufficient memory for the Java Runtime Environment to continue.
# Native memory allocation (malloc) failed to allocate 524288 bytes for AllocateHeap
# Possible reasons:
#   The system is out of physical RAM or swap space
#   The process is running with CompressedOops enabled, and the Java Heap may be blocking the growth of the native heap
# Possible solutions:
#   Reduce memory load on the system
#   Increase physical memory or swap space
#   Check if swap backing store is full
#   Decrease Java heap size (-Xmx/-Xms)
#   Decrease number of Java threads
#   Decrease Java thread stack sizes (-Xss)
#   Set larger code cache with -XX:ReservedCodeCacheSize=
#   JVM is running with Unscaled Compressed Oops mode in which the Java heap is
#     placed in the first 4GB address space. The Java Heap base address is the
#     maximum limit for the native heap growth. Please use -XX:HeapBaseMinAddress
#     to set the Java Heap base and to place the Java Heap above 4GB virtual address.
# This output file may be truncated or incomplete.
#
#  Out of Memory Error (./src/hotspot/share/memory/allocation.cpp:46), pid=3312, tid=8368
#
# JRE version:  (11.0.14.1+1) (build )
# Java VM: OpenJDK 64-Bit Server VM (11.0.14.1+1, mixed mode, tiered, compressed oops, g1 gc, windows-amd64)
# No core dump will be written. Minidumps are not enabled by default on client versions of Windows
#

---------------  S U M M A R Y ------------

Command Line: 

Host: AMD Ryzen 3 1200 Quad-Core Processor           , 4 cores, 7G,  Windows 10 , 64 bit Build 19041 (10.0.19041.3636)
Time: Tue Apr  9 18:39:13 2024 Финляндия (лето) elapsed time: 0.030475 seconds (0d 0h 0m 0s)

---------------  T H R E A D  ---------------

Current thread (0x000002dc05b70800):  JavaThread "Unknown thread" [_thread_in_vm, id=8368, stack(0x000000f0bfa00000,0x000000f0bfb00000)]

Stack: [0x000000f0bfa00000,0x000000f0bfb00000]
Native frames: (J=compiled Java code, j=interpreted, Vv=VM code, C=native code)
V  [jvm.dll+0x61e59a]
V  [jvm.dll+0x7aaca9]
V  [jvm.dll+0x7ac398]
V  [jvm.dll+0x7aca73]
V  [jvm.dll+0x24f9b8]
V  [jvm.dll+0xb95d4]
V  [jvm.dll+0x6ff9a2]
V  [jvm.dll+0x6ff937]
V  [jvm.dll+0x6ffaaa]
V  [jvm.dll+0x783f32]
V  [jvm.dll+0x7864ee]
V  [jvm.dll+0x35f479]
V  [jvm.dll+0x767aa0]
V  [jvm.dll+0x3ccf1f]
V  [jvm.dll+0x3cf2b1]
C  [jli.dll+0x5207]
C  [ucrtbase.dll+0x21bb2]
C  [KERNEL32.DLL+0x17344]
C  [ntdll.dll+0x526b1]


---------------  P R O C E S S  ---------------

Threads class SMR info:
_java_thread_list=0x000002dc038b3520, length=0, elements={
}

Java Threads: ( => current thread )

Other Threads:
  0x000002dc05b89000 GCTaskThread "GC Thread#0" [stack: 0x000000f0bfb00000,0x000000f0bfc00000] [id=12004]
  0x000002dc05bb9000 ConcurrentGCThread "G1 Main Marker" [stack: 0x000000f0bfc00000,0x000000f0bfd00000] [id=11756]
  0x000002dc05bba800 ConcurrentGCThread "G1 Conc#0" [stack: 0x000000f0bfd00000,0x000000f0bfe00000] [id=3928]
  0x000002dc05c38800 ConcurrentGCThread "G1 Refine#0" [stack: 0x000000f0bfe00000,0x000000f0bff00000] [id=10232]
  0x000002dc05c3a800 ConcurrentGCThread "G1 Young RemSet Sampling" [stack: 0x000000f0bff00000,0x000000f0c0000000] [id=3668]

=>0x000002dc05b70800 (exited) JavaThread "Unknown thread" [_thread_in_vm, id=8368, stack(0x000000f0bfa00000,0x000000f0bfb00000)]

Threads with active compile tasks:

VM state:not at safepoint (not fully initialized)

VM Mutex/Monitor currently owned by a thread: None

Heap address: 0x0000000081000000, size: 2032 MB, Compressed Oops mode: 32-bit
Narrow klass base: 0x0000000000000000, Narrow klass shift: 3
Compressed class space size: 1073741824 Address: 0x0000000100000000

GC Heap History (0 events):
No events

Deoptimization events (0 events):
No events

Classes redefined (0 events):
No events

Internal exceptions (0 events):
No events

Events (1 events):
Event: 0.010 Loaded shared library D:\Program Files\Unity\Hub\Editor\2022.3.17f1\Editor\Data\PlaybackEngines\AndroidPlayer\OpenJDK\bin\zip.dll


Dynamic libraries:
0x00007ff74ae30000 - 0x00007ff74ae3d000 	D:\Program Files\Unity\Hub\Editor\2022.3.17f1\Editor\Data\PlaybackEngines\AndroidPlayer\OpenJDK\bin\java.exe
0x00007ffd11590000 - 0x00007ffd11788000 	C:\Windows\SYSTEM32\ntdll.dll
0x00007ffd111f0000 - 0x00007ffd112ad000 	C:\Windows\System32\KERNEL32.DLL
0x00007ffd0eee0000 - 0x00007ffd0f1d6000 	C:\Windows\System32\KERNELBASE.dll
0x00007ffd0f490000 - 0x00007ffd0f590000 	C:\Windows\System32\ucrtbase.dll
0x00007ffce8e60000 - 0x00007ffce8e77000 	D:\Program Files\Unity\Hub\Editor\2022.3.17f1\Editor\Data\PlaybackEngines\AndroidPlayer\OpenJDK\bin\jli.dll
0x00007ffce8e40000 - 0x00007ffce8e55000 	D:\Program Files\Unity\Hub\Editor\2022.3.17f1\Editor\Data\PlaybackEngines\AndroidPlayer\OpenJDK\bin\VCRUNTIME140.dll
0x00007ffd10470000 - 0x00007ffd1060e000 	C:\Windows\System32\USER32.dll
0x00007ffd0f1e0000 - 0x00007ffd0f202000 	C:\Windows\System32\win32u.dll
0x00007ffcfaed0000 - 0x00007ffcfb16a000 	C:\Windows\WinSxS\amd64_microsoft.windows.common-controls_6595b64144ccf1df_6.0.19041.3636_none_60b6a03d71f818d5\COMCTL32.dll
0x00007ffd0f5c0000 - 0x00007ffd0f5eb000 	C:\Windows\System32\GDI32.dll
0x00007ffd101e0000 - 0x00007ffd1027e000 	C:\Windows\System32\msvcrt.dll
0x00007ffd0f210000 - 0x00007ffd0f327000 	C:\Windows\System32\gdi32full.dll
0x00007ffd0f330000 - 0x00007ffd0f3cd000 	C:\Windows\System32\msvcp_win.dll
0x00007ffd107b0000 - 0x00007ffd107e2000 	C:\Windows\System32\IMM32.DLL
0x00007ffce29a0000 - 0x00007ffce2a3b000 	D:\Program Files\Unity\Hub\Editor\2022.3.17f1\Editor\Data\PlaybackEngines\AndroidPlayer\OpenJDK\bin\msvcp140.dll
0x00007ffc44060000 - 0x00007ffc44be1000 	D:\Program Files\Unity\Hub\Editor\2022.3.17f1\Editor\Data\PlaybackEngines\AndroidPlayer\OpenJDK\bin\server\jvm.dll
0x00007ffd10af0000 - 0x00007ffd10ba0000 	C:\Windows\System32\ADVAPI32.dll
0x00007ffd113e0000 - 0x00007ffd11480000 	C:\Windows\System32\sechost.dll
0x00007ffd10880000 - 0x00007ffd109a5000 	C:\Windows\System32\RPCRT4.dll
0x00007ffd0f590000 - 0x00007ffd0f5b7000 	C:\Windows\System32\bcrypt.dll
0x00007ffd101d0000 - 0x00007ffd101d8000 	C:\Windows\System32\PSAPI.DLL
0x00007ffd0a5e0000 - 0x00007ffd0a5e9000 	C:\Windows\SYSTEM32\WSOCK32.dll
0x00007ffd10690000 - 0x00007ffd106fb000 	C:\Windows\System32\WS2_32.dll
0x00007ffd05dc0000 - 0x00007ffd05de7000 	C:\Windows\SYSTEM32\WINMM.dll
0x00007ffd07820000 - 0x00007ffd0782a000 	C:\Windows\SYSTEM32\VERSION.dll
0x00007ffd0cb10000 - 0x00007ffd0cb22000 	C:\Windows\SYSTEM32\kernel.appcore.dll
0x00007ffcfb720000 - 0x00007ffcfb730000 	D:\Program Files\Unity\Hub\Editor\2022.3.17f1\Editor\Data\PlaybackEngines\AndroidPlayer\OpenJDK\bin\verify.dll
0x00007ffd05b10000 - 0x00007ffd05cf4000 	C:\Windows\SYSTEM32\DBGHELP.DLL
0x00007ffcfa760000 - 0x00007ffcfa794000 	C:\Windows\SYSTEM32\dbgcore.DLL
0x00007ffd0ec40000 - 0x00007ffd0ecc2000 	C:\Windows\System32\bcryptPrimitives.dll
0x00007ffce7970000 - 0x00007ffce7998000 	D:\Program Files\Unity\Hub\Editor\2022.3.17f1\Editor\Data\PlaybackEngines\AndroidPlayer\OpenJDK\bin\java.dll
0x00007ffcf2d70000 - 0x00007ffcf2d7a000 	D:\Program Files\Unity\Hub\Editor\2022.3.17f1\Editor\Data\PlaybackEngines\AndroidPlayer\OpenJDK\bin\jimage.dll
0x00007ffce7730000 - 0x00007ffce7748000 	D:\Program Files\Unity\Hub\Editor\2022.3.17f1\Editor\Data\PlaybackEngines\AndroidPlayer\OpenJDK\bin\zip.dll

dbghelp: loaded successfully - version: 4.0.5 - missing functions: none
symbol engine: initialized successfully - sym options: 0x614 - pdb path: .;D:\Program Files\Unity\Hub\Editor\2022.3.17f1\Editor\Data\PlaybackEngines\AndroidPlayer\OpenJDK\bin;C:\Windows\SYSTEM32;C:\Windows\WinSxS\amd64_microsoft.windows.common-controls_6595b64144ccf1df_6.0.19041.3636_none_60b6a03d71f818d5;D:\Program Files\Unity\Hub\Editor\2022.3.17f1\Editor\Data\PlaybackEngines\AndroidPlayer\OpenJDK\bin\server

VM Arguments:
java_command: <unknown>
java_class_path (initial): <not set>
Launcher Type: SUN_STANDARD

[Global flags]
     intx CICompilerCount                          = 3                                         {product} {ergonomic}
     uint ConcGCThreads                            = 1                                         {product} {ergonomic}
     uint G1ConcRefinementThreads                  = 4                                         {product} {ergonomic}
   size_t G1HeapRegionSize                         = 1048576                                   {product} {ergonomic}
    uintx GCDrainStackTargetSize                   = 64                                        {product} {ergonomic}
   size_t InitialHeapSize                          = 134217728                                 {product} {ergonomic}
   size_t MarkStackSize                            = 4194304                                   {product} {ergonomic}
   size_t MaxHeapSize                              = 2130706432                                {product} {ergonomic}
   size_t MaxNewSize                               = 1278214144                                {product} {ergonomic}
   size_t MinHeapDeltaBytes                        = 1048576                                   {product} {ergonomic}
    uintx NonNMethodCodeHeapSize                   = 5830732                                {pd product} {ergonomic}
    uintx NonProfiledCodeHeapSize                  = 122913754                              {pd product} {ergonomic}
    uintx ProfiledCodeHeapSize                     = 122913754                              {pd product} {ergonomic}
    uintx ReservedCodeCacheSize                    = 251658240                              {pd product} {ergonomic}
     bool SegmentedCodeCache                       = true                                      {product} {ergonomic}
     bool UseCompressedClassPointers               = true                                 {lp64_product} {ergonomic}
     bool UseCompressedOops                        = true                                 {lp64_product} {ergonomic}
     bool UseG1GC                                  = true                                      {product} {ergonomic}
     bool UseLargePagesIndividualAllocation        = false                                  {pd product} {ergonomic}

Logging:
Log output configuration:
 #0: stdout all=warning uptime,level,tags
 #1: stderr all=off uptime,level,tags

Environment Variables:
JAVA_HOME=D:/Program Files/Unity/Hub/Editor/2022.3.17f1/Editor/Data/PlaybackEngines/AndroidPlayer\OpenJDK
PATH=C:\Program Files (x86)\Common Files\Oracle\Java\javapath;C:\Windows\system32;C:\Windows;C:\Windows\System32\Wbem;C:\Windows\System32\WindowsPowerShell\v1.0\;C:\Windows\System32\OpenSSH\;C:\Program Files\NVIDIA Corporation\NVIDIA NvDLISR;C:\Program Files (x86)\NVIDIA Corporation\PhysX\Common;C:\Users\offic\AppData\Local\Microsoft\WindowsApps;C:\Users\offic\AppData\Local\GitHubDesktop\bin
USERNAME=offic
OS=Windows_NT
PROCESSOR_IDENTIFIER=AMD64 Family 23 Model 8 Stepping 2, AuthenticAMD



---------------  S Y S T E M  ---------------

OS: Windows 10 , 64 bit Build 19041 (10.0.19041.3636)
OS uptime: 3 days 4:59 hours

CPU:total 4 (initial active 4) (4 cores per cpu, 1 threads per core) family 23 model 8 stepping 2 microcode 0x0, cmov, cx8, fxsr, mmx, sse, sse2, sse3, ssse3, sse4.1, sse4.2, popcnt, avx, avx2, aes, clmul, mmxext, 3dnowpref, lzcnt, sse4a, tsc, tscinvbit, tscinv, bmi1, bmi2, adx, sha, fma

Memory: 4k page, system-wide physical 8122M (762M free)
TotalPageFile size 16314M (AvailPageFile size 1M)
current process WorkingSet (physical memory assigned to process): 15M, peak: 15M
current process commit charge ("private bytes"): 186M, peak: 186M

vm_info: OpenJDK 64-Bit Server VM (11.0.14.1+1) for windows-amd64 JRE (11.0.14.1+1), built on Feb  9 2022 01:48:27 by "" with unknown MS VC++:1916

END.
